[0;36m
â•”â•â•â•â•â•â•â•â•â•â•â•â•â•â•â•â•â•â•â•â•â•â•â•â•â•â•â•â•â•â•â•â•â•â•â•â•â•â•â•â•â•â•â•â•â•â•â•â•â•â•â•â•â•â•â•â•â•â•â•â•â•â•â•â•â•â•â•â•â•â•â•—
â•‘                                                                      â•‘
â•‘           NOAA FEDERATED DATA LAKE                                   â•‘
â•‘           Master Deployment Orchestrator                             â•‘
â•‘           Version 1.0                                                â•‘
â•‘                                                                      â•‘
â•šâ•â•â•â•â•â•â•â•â•â•â•â•â•â•â•â•â•â•â•â•â•â•â•â•â•â•â•â•â•â•â•â•â•â•â•â•â•â•â•â•â•â•â•â•â•â•â•â•â•â•â•â•â•â•â•â•â•â•â•â•â•â•â•â•â•â•â•â•â•â•â•
[0m

[0;34m[Step 1] Checking Prerequisites[0m
[0;32mâœ“ AWS CLI found[0m
[0;32mâœ“ AWS credentials valid (Account: 899626030376)[0m
[0;32mâœ“ Python 3 found[0m
[0;32mâœ“ Python dependencies OK[0m
[0;32mâœ“ jq found[0m


[0;36mâ•”â•â•â•â•â•â•â•â•â•â•â•â•â•â•â•â•â•â•â•â•â•â•â•â•â•â•â•â•â•â•â•â•â•â•â•â•â•â•â•â•â•â•â•â•â•â•â•â•â•â•â•â•â•â•â•â•â•â•â•â•â•â•â•â•â•â•â•â•â•—[0m
[0;36mâ•‘ DEPLOYMENT PLAN                                                    â•‘[0m
[0;36mâ•šâ•â•â•â•â•â•â•â•â•â•â•â•â•â•â•â•â•â•â•â•â•â•â•â•â•â•â•â•â•â•â•â•â•â•â•â•â•â•â•â•â•â•â•â•â•â•â•â•â•â•â•â•â•â•â•â•â•â•â•â•â•â•â•â•â•â•â•â•â•[0m

[1mConfiguration:[0m
  Environment:        [0;32mdev[0m
  AWS Account:        [0;32m899626030376[0m
  AWS Region:         [0;32mus-east-1[0m
  NOAA Token:         [1;33mNot provided[0m

[1mExecution Mode:[0m
  Full Deploy:        [0;32mYes[0m
  Validate Only:      [1;33mNo[0m
  Skip Packaging:     [0;32mNo[0m
  Skip Deployment:    [0;32mNo[0m
  Quick Mode:         [0;32mNo[0m

[1mComponents to Deploy:[0m
  [0;32mâœ“[0m S3 Buckets (data lake + results)
  [0;32mâœ“[0m 6 Data Pond Ingestion Lambdas
  [0;32mâœ“[0m 2 Query Handler Lambdas
  [0;32mâœ“[0m EventBridge Schedules (6)
  [0;32mâœ“[0m Athena Database + 8 Tables
  [0;32mâœ“[0m IAM Roles and Policies

[1mData Ponds:[0m
  1. [0;36mOceanic[0m      - Buoys, tides, currents
  2. [0;36mAtmospheric[0m  - Weather forecasts, alerts
  3. [0;36mClimate[0m      - Historical climate data
  4. [0;36mSpatial[0m      - Radar, satellite imagery
  5. [0;36mTerrestrial[0m  - River gauges, precipitation
  6. [0;36mBuoy[0m         - Real-time marine buoy data

[1mEndpoints to Validate:[0m
  [0;32m25+[0m NOAA API endpoints across all ponds

[1;33m[1mâš   IMPORTANT: This will deploy infrastructure to AWS[0m
[1;33m   Charges may apply based on usage[0m

